<?xml version="1.0" encoding="UTF-8"?>
<!-- Generated by org.testng.reporters.JUnitXMLReporter -->
<testsuite hostname="DESKTOP-LR1G07F" ignored="0" name="Default test" tests="7" failures="0" timestamp="06 Apr 2023 17:52:15 GMT" time="274.483" errors="0">
  <testcase name="tc6" time="34.532" classname="TestNG.tagannotations"/>
  <testcase name="tc1" time="24.395" classname="TestNG.tagannotations"/>
  <testcase name="tc5" time="17.55" classname="TestNG.tagannotations"/>
  <testcase name="tc4" time="67.404" classname="TestNG.tagannotations"/>
  <testcase name="tc7" time="32.048" classname="TestNG.tagannotations"/>
  <testcase name="tc3" time="44.781" classname="TestNG.tagannotations"/>
  <testcase name="tc2" time="27.354" classname="TestNG.tagannotations"/>
</testsuite> <!-- Default test -->
