<?xml version="1.0" encoding="UTF-8"?>
<!-- Generated by org.testng.reporters.JUnitXMLReporter -->
<testsuite hostname="DESKTOP-LR1G07F" ignored="0" name="Test" tests="9" failures="0" timestamp="06 Apr 2023 17:12:39 GMT" time="1.094" errors="0">
  <testcase name="tc21" time="0.069" classname="TestNG.classtwo"/>
  <testcase name="tc23" time="0.014" classname="TestNG.classtwo"/>
  <testcase name="tc29" time="0.035" classname="TestNG.classtwo"/>
  <testcase name="tc1" time="0.023" classname="TestNG.tagannotations"/>
  <testcase name="tc2" time="0.018" classname="TestNG.tagannotations"/>
  <testcase name="tc3" time="0.013" classname="TestNG.tagannotations"/>
  <testcase name="tc11" time="0.019" classname="TestNG.classone"/>
  <testcase name="tc15" time="0.056" classname="TestNG.classone"/>
  <testcase name="tc17" time="0.028" classname="TestNG.classone"/>
</testsuite> <!-- Test -->
