<?xml version="1.0" encoding="UTF-8"?>
<testng-results skipped="0" failed="0" ignored="0" total="7" passed="7">
  <reporter-output>
  </reporter-output>
  <suite name="Default suite" duration-ms="274483" started-at="2023-04-06T17:47:41Z" finished-at="2023-04-06T17:52:15Z">
    <groups>
    </groups>
    <test name="Default test" duration-ms="274483" started-at="2023-04-06T17:47:41Z" finished-at="2023-04-06T17:52:15Z">
      <class name="TestNG.tagannotations">
        <test-method status="PASS" signature="launchbrowser()[pri:0, instance:TestNG.tagannotations@1baeedf]" name="launchbrowser" is-config="true" duration-ms="20109" started-at="2023-04-06T17:47:41Z" finished-at="2023-04-06T17:48:01Z">
          <reporter-output>
          </reporter-output>
        </test-method> <!-- launchbrowser -->
        <test-method status="PASS" signature="tc6()[pri:1, instance:TestNG.tagannotations@1baeedf]" name="tc6" duration-ms="34532" started-at="2023-04-06T17:48:01Z" finished-at="2023-04-06T17:48:35Z">
          <reporter-output>
          </reporter-output>
        </test-method> <!-- tc6 -->
        <test-method status="PASS" signature="Startingtime()[pri:0, instance:TestNG.tagannotations@1baeedf]" name="Startingtime" is-config="true" duration-ms="0" started-at="2023-04-06T17:48:01Z" finished-at="2023-04-06T17:48:01Z">
          <reporter-output>
          </reporter-output>
        </test-method> <!-- Startingtime -->
        <test-method status="PASS" signature="Endingtime()[pri:0, instance:TestNG.tagannotations@1baeedf]" name="Endingtime" is-config="true" duration-ms="0" started-at="2023-04-06T17:48:36Z" finished-at="2023-04-06T17:48:36Z">
          <reporter-output>
          </reporter-output>
        </test-method> <!-- Endingtime -->
        <test-method status="PASS" signature="tc1()[pri:2, instance:TestNG.tagannotations@1baeedf]" name="tc1" duration-ms="24395" started-at="2023-04-06T17:48:36Z" finished-at="2023-04-06T17:49:00Z">
          <reporter-output>
          </reporter-output>
        </test-method> <!-- tc1 -->
        <test-method status="PASS" signature="Startingtime()[pri:0, instance:TestNG.tagannotations@1baeedf]" name="Startingtime" is-config="true" duration-ms="0" started-at="2023-04-06T17:48:36Z" finished-at="2023-04-06T17:48:36Z">
          <reporter-output>
          </reporter-output>
        </test-method> <!-- Startingtime -->
        <test-method status="PASS" signature="Startingtime()[pri:0, instance:TestNG.tagannotations@1baeedf]" name="Startingtime" is-config="true" duration-ms="0" started-at="2023-04-06T17:49:00Z" finished-at="2023-04-06T17:49:00Z">
          <reporter-output>
          </reporter-output>
        </test-method> <!-- Startingtime -->
        <test-method status="PASS" signature="Endingtime()[pri:0, instance:TestNG.tagannotations@1baeedf]" name="Endingtime" is-config="true" duration-ms="0" started-at="2023-04-06T17:49:00Z" finished-at="2023-04-06T17:49:00Z">
          <reporter-output>
          </reporter-output>
        </test-method> <!-- Endingtime -->
        <test-method status="PASS" signature="tc5()[pri:3, instance:TestNG.tagannotations@1baeedf]" name="tc5" duration-ms="17550" started-at="2023-04-06T17:49:00Z" finished-at="2023-04-06T17:49:17Z">
          <reporter-output>
          </reporter-output>
        </test-method> <!-- tc5 -->
        <test-method status="PASS" signature="Endingtime()[pri:0, instance:TestNG.tagannotations@1baeedf]" name="Endingtime" is-config="true" duration-ms="2" started-at="2023-04-06T17:49:17Z" finished-at="2023-04-06T17:49:17Z">
          <reporter-output>
          </reporter-output>
        </test-method> <!-- Endingtime -->
        <test-method status="PASS" signature="Startingtime()[pri:0, instance:TestNG.tagannotations@1baeedf]" name="Startingtime" is-config="true" duration-ms="0" started-at="2023-04-06T17:49:17Z" finished-at="2023-04-06T17:49:17Z">
          <reporter-output>
          </reporter-output>
        </test-method> <!-- Startingtime -->
        <test-method status="PASS" signature="tc4()[pri:4, instance:TestNG.tagannotations@1baeedf]" name="tc4" duration-ms="67404" started-at="2023-04-06T17:49:17Z" finished-at="2023-04-06T17:50:25Z">
          <reporter-output>
          </reporter-output>
        </test-method> <!-- tc4 -->
        <test-method status="PASS" signature="Startingtime()[pri:0, instance:TestNG.tagannotations@1baeedf]" name="Startingtime" is-config="true" duration-ms="0" started-at="2023-04-06T17:50:25Z" finished-at="2023-04-06T17:50:25Z">
          <reporter-output>
          </reporter-output>
        </test-method> <!-- Startingtime -->
        <test-method status="PASS" signature="tc7()[pri:5, instance:TestNG.tagannotations@1baeedf]" name="tc7" duration-ms="32048" started-at="2023-04-06T17:50:25Z" finished-at="2023-04-06T17:50:57Z">
          <reporter-output>
          </reporter-output>
        </test-method> <!-- tc7 -->
        <test-method status="PASS" signature="Endingtime()[pri:0, instance:TestNG.tagannotations@1baeedf]" name="Endingtime" is-config="true" duration-ms="0" started-at="2023-04-06T17:50:25Z" finished-at="2023-04-06T17:50:25Z">
          <reporter-output>
          </reporter-output>
        </test-method> <!-- Endingtime -->
        <test-method status="PASS" signature="tc3()[pri:6, instance:TestNG.tagannotations@1baeedf]" name="tc3" duration-ms="44781" started-at="2023-04-06T17:50:57Z" finished-at="2023-04-06T17:51:42Z">
          <reporter-output>
          </reporter-output>
        </test-method> <!-- tc3 -->
        <test-method status="PASS" signature="Endingtime()[pri:0, instance:TestNG.tagannotations@1baeedf]" name="Endingtime" is-config="true" duration-ms="0" started-at="2023-04-06T17:50:57Z" finished-at="2023-04-06T17:50:57Z">
          <reporter-output>
          </reporter-output>
        </test-method> <!-- Endingtime -->
        <test-method status="PASS" signature="Startingtime()[pri:0, instance:TestNG.tagannotations@1baeedf]" name="Startingtime" is-config="true" duration-ms="0" started-at="2023-04-06T17:50:57Z" finished-at="2023-04-06T17:50:57Z">
          <reporter-output>
          </reporter-output>
        </test-method> <!-- Startingtime -->
        <test-method status="PASS" signature="Startingtime()[pri:0, instance:TestNG.tagannotations@1baeedf]" name="Startingtime" is-config="true" duration-ms="0" started-at="2023-04-06T17:51:42Z" finished-at="2023-04-06T17:51:42Z">
          <reporter-output>
          </reporter-output>
        </test-method> <!-- Startingtime -->
        <test-method status="PASS" signature="tc2()[pri:7, instance:TestNG.tagannotations@1baeedf]" name="tc2" duration-ms="27354" started-at="2023-04-06T17:51:42Z" finished-at="2023-04-06T17:52:09Z">
          <reporter-output>
          </reporter-output>
        </test-method> <!-- tc2 -->
        <test-method status="PASS" signature="Endingtime()[pri:0, instance:TestNG.tagannotations@1baeedf]" name="Endingtime" is-config="true" duration-ms="0" started-at="2023-04-06T17:51:42Z" finished-at="2023-04-06T17:51:42Z">
          <reporter-output>
          </reporter-output>
        </test-method> <!-- Endingtime -->
        <test-method status="PASS" signature="Endingtime()[pri:0, instance:TestNG.tagannotations@1baeedf]" name="Endingtime" is-config="true" duration-ms="0" started-at="2023-04-06T17:52:09Z" finished-at="2023-04-06T17:52:09Z">
          <reporter-output>
          </reporter-output>
        </test-method> <!-- Endingtime -->
        <test-method status="PASS" signature="browserclosed()[pri:0, instance:TestNG.tagannotations@1baeedf]" name="browserclosed" is-config="true" duration-ms="6101" started-at="2023-04-06T17:52:09Z" finished-at="2023-04-06T17:52:15Z">
          <reporter-output>
          </reporter-output>
        </test-method> <!-- browserclosed -->
      </class> <!-- TestNG.tagannotations -->
    </test> <!-- Default test -->
  </suite> <!-- Default suite -->
</testng-results>
